*
BADE
BDE
DE
*
CBAEFGH
CBAEHG
CBAGH
CAGH
CGH
*
FEDCBAHIJKLMNOPQRSTUVWXYZ
JIHABCDEFLMNOPQRSTUVWXYZ
CBAHIJEFLMNOPQRSTUVWXYZ
LFEJIHABCNOPQRSTUVWXYZ
NCBAHIJEFLPQRSTUVWXYZ
NCBAHIJEFLPQRSZYXWVU
NCBAHIJEFLPQRSZYXUV
NCBAHIJEFLPQRVUXYZ
*
ABCDEFGHIJTSRQPONML
GFEDCBAIJTSRQPONML
FEDCBAIJTSRQPONML
EDCBAIJTSRQPONML
DCBAIJTSRQPONML
CBAIJTSRQPONML
BCIJTSRQPONML
CBJTSRQPONML
BJTSRQPONML
BJTSRQPONL
*
ABCDEFGHIJKLPON
DCBAFGHIJKLPON
ABCDGHIJKLPON
DCBAHIJKLPON
DCBAHIJNOPL
DCBAHIJNOP
*
BCDEFGHIJ
CDEFGHIJ
DEFGHIJ
EFGHIJ
FGHIJ
FHIJ
FIJ
FJ
F
*
DCBAFGHIJ
ABCDGHIJ
BCDGHIJ
BCDGJI
BCDIJ
*
KJIHGFEDCBAMNOPQRSTUVWXYZ
KJIHGFEDCBAMNOPZYXWVUTSR
KJIHGFEDCBAMNOPZYXWVUTS
BCDEFGHIJKMNOPZYXWVUTS
*
ABCDEFIH
ABCDEHI
BCDEHI
CDEHI
DEHI
DEH
DE
